<?xml version="1.0" encoding="UTF-8"?>
<testng-results skipped="0" failed="0" ignored="1" total="5" passed="4">
  <reporter-output>
  </reporter-output>
  <suite name="FirstTestSuite" duration-ms="35581" started-at="2022-11-25T14:00:46Z" finished-at="2022-11-25T14:01:21Z">
    <groups>
      <group name="negative case">
        <method signature="LogInTest.negativeLogInTest(java.util.Map)[pri:2, instance:com.dice.LogInTest@2344fc66]" name="negativeLogInTest" class="com.dice.LogInTest"/>
      </group> <!-- negative case -->
      <group name="positive case">
        <method signature="LogInTest.positiveLoginTest()[pri:1, instance:com.dice.LogInTest@2344fc66]" name="positiveLoginTest" class="com.dice.LogInTest"/>
        <method signature="LogInTest.positiveLoginTest()[pri:1, instance:com.dice.LogInTest@23ceabc1]" name="positiveLoginTest" class="com.dice.LogInTest"/>
      </group> <!-- positive case -->
    </groups>
    <test name="LoginTest-FF" duration-ms="27263" started-at="2022-11-25T14:00:46Z" finished-at="2022-11-25T14:01:13Z">
      <class name="com.dice.LogInTest">
        <test-method status="PASS" signature="setUpClass(org.testng.ITestContext)[pri:0, instance:com.dice.LogInTest@2344fc66]" name="setUpClass" is-config="true" duration-ms="68" started-at="2022-11-25T15:00:46Z" finished-at="2022-11-25T15:00:46Z">
          <params>
            <param index="0">
              <value>
                <![CDATA[org.testng.TestRunner@4678c730]]>
              </value>
            </param>
          </params>
          <reporter-output>
          </reporter-output>
        </test-method> <!-- setUpClass -->
        <test-method status="PASS" signature="methodSetUp(java.lang.String)[pri:0, instance:com.dice.LogInTest@2344fc66]" name="methodSetUp" is-config="true" duration-ms="5310" started-at="2022-11-25T15:00:46Z" finished-at="2022-11-25T15:00:51Z">
          <params>
            <param index="0">
              <value>
                <![CDATA[firefox]]>
              </value>
            </param>
          </params>
          <reporter-output>
          </reporter-output>
        </test-method> <!-- methodSetUp -->
        <test-method status="PASS" signature="positiveLoginTest()[pri:1, instance:com.dice.LogInTest@2344fc66]" name="positiveLoginTest" duration-ms="7823" started-at="2022-11-25T15:00:51Z" finished-at="2022-11-25T15:00:59Z">
          <reporter-output>
          </reporter-output>
        </test-method> <!-- positiveLoginTest -->
        <test-method status="PASS" signature="methodTearDown()[pri:0, instance:com.dice.LogInTest@2344fc66]" name="methodTearDown" is-config="true" duration-ms="522" started-at="2022-11-25T15:00:59Z" finished-at="2022-11-25T15:01:00Z">
          <reporter-output>
          </reporter-output>
        </test-method> <!-- methodTearDown -->
        <test-method status="PASS" signature="methodSetUp(java.lang.String)[pri:0, instance:com.dice.LogInTest@2344fc66]" name="methodSetUp" is-config="true" duration-ms="2686" started-at="2022-11-25T15:01:00Z" finished-at="2022-11-25T15:01:02Z">
          <params>
            <param index="0">
              <value>
                <![CDATA[firefox]]>
              </value>
            </param>
          </params>
          <reporter-output>
          </reporter-output>
        </test-method> <!-- methodSetUp -->
        <test-method status="PASS" signature="negativeLogInTest(java.util.Map)[pri:2, instance:com.dice.LogInTest@2344fc66]" name="negativeLogInTest" duration-ms="3572" started-at="2022-11-25T15:01:02Z" data-provider="CsvDataProvider" finished-at="2022-11-25T15:01:06Z">
          <params>
            <param index="0">
              <value>
                <![CDATA[{no=1, description=invalid email, password=PASS0idi., email=invalidemailll.@gmail.com}]]>
              </value>
            </param>
          </params>
          <reporter-output>
          </reporter-output>
        </test-method> <!-- negativeLogInTest -->
        <test-method status="PASS" signature="methodTearDown()[pri:0, instance:com.dice.LogInTest@2344fc66]" name="methodTearDown" is-config="true" duration-ms="438" started-at="2022-11-25T15:01:06Z" finished-at="2022-11-25T15:01:06Z">
          <reporter-output>
          </reporter-output>
        </test-method> <!-- methodTearDown -->
        <test-method status="PASS" signature="methodSetUp(java.lang.String)[pri:0, instance:com.dice.LogInTest@2344fc66]" name="methodSetUp" is-config="true" duration-ms="2693" started-at="2022-11-25T15:01:06Z" finished-at="2022-11-25T15:01:09Z">
          <params>
            <param index="0">
              <value>
                <![CDATA[firefox]]>
              </value>
            </param>
          </params>
          <reporter-output>
          </reporter-output>
        </test-method> <!-- methodSetUp -->
        <test-method status="PASS" signature="negativeLogInTest(java.util.Map)[pri:2, instance:com.dice.LogInTest@2344fc66]" name="negativeLogInTest" duration-ms="3665" started-at="2022-11-25T15:01:09Z" data-provider="CsvDataProvider" finished-at="2022-11-25T15:01:13Z">
          <params>
            <param index="0">
              <value>
                <![CDATA[{no=2, description=invalid password, password=InvalidPassword, email=alizenign.qa@gmail.com}]]>
              </value>
            </param>
          </params>
          <reporter-output>
          </reporter-output>
        </test-method> <!-- negativeLogInTest -->
        <test-method status="PASS" signature="methodTearDown()[pri:0, instance:com.dice.LogInTest@2344fc66]" name="methodTearDown" is-config="true" duration-ms="441" started-at="2022-11-25T15:01:13Z" finished-at="2022-11-25T15:01:13Z">
          <reporter-output>
          </reporter-output>
        </test-method> <!-- methodTearDown -->
      </class> <!-- com.dice.LogInTest -->
    </test> <!-- LoginTest-FF -->
    <test name="LoginTest-CH" duration-ms="35581" started-at="2022-11-25T14:00:46Z" finished-at="2022-11-25T14:01:21Z">
      <class name="com.dice.LogInTest">
        <test-method status="PASS" signature="setUpClass(org.testng.ITestContext)[pri:0, instance:com.dice.LogInTest@23ceabc1]" name="setUpClass" is-config="true" duration-ms="68" started-at="2022-11-25T15:00:46Z" finished-at="2022-11-25T15:00:46Z">
          <params>
            <param index="0">
              <value>
                <![CDATA[org.testng.TestRunner@6767c1fc]]>
              </value>
            </param>
          </params>
          <reporter-output>
          </reporter-output>
        </test-method> <!-- setUpClass -->
        <test-method status="PASS" signature="methodSetUp(java.lang.String)[pri:0, instance:com.dice.LogInTest@23ceabc1]" name="methodSetUp" is-config="true" duration-ms="7141" started-at="2022-11-25T15:00:46Z" finished-at="2022-11-25T15:00:53Z">
          <params>
            <param index="0">
              <value>
                <![CDATA[chrome]]>
              </value>
            </param>
          </params>
          <reporter-output>
          </reporter-output>
        </test-method> <!-- methodSetUp -->
        <test-method status="PASS" signature="positiveLoginTest()[pri:1, instance:com.dice.LogInTest@23ceabc1]" name="positiveLoginTest" duration-ms="28226" started-at="2022-11-25T15:00:53Z" finished-at="2022-11-25T15:01:21Z">
          <reporter-output>
          </reporter-output>
        </test-method> <!-- positiveLoginTest -->
        <test-method status="PASS" signature="methodTearDown()[pri:0, instance:com.dice.LogInTest@23ceabc1]" name="methodTearDown" is-config="true" duration-ms="125" started-at="2022-11-25T15:01:21Z" finished-at="2022-11-25T15:01:21Z">
          <reporter-output>
          </reporter-output>
        </test-method> <!-- methodTearDown -->
      </class> <!-- com.dice.LogInTest -->
    </test> <!-- LoginTest-CH -->
  </suite> <!-- FirstTestSuite -->
</testng-results>
